<?xml version="1.0" encoding="UTF-8"?>
<testsuite name="com.tavisca.workshops.MoGTest" tests="1" skipped="0" failures="0" errors="0" timestamp="2019-07-25T10:01:27" hostname="RENTLAPT0018" time="0.02">
  <properties/>
  <testcase name="canParseQuestionStatement()" classname="com.tavisca.workshops.MoGTest" time="0.02"/>
  <system-out><![CDATA[]]></system-out>
  <system-err><![CDATA[]]></system-err>
</testsuite>
