<?xml version="1.0" encoding="UTF-8"?>
<testsuite name="com.tavisca.workshops.QuestionParserTest" tests="3" skipped="0" failures="0" errors="0" timestamp="2019-08-13T16:36:55" hostname="RENTLAPT0018" time="0.018">
  <properties/>
  <testcase name="canThrowExceptionIfTheQuestionIsNotValid()" classname="com.tavisca.workshops.QuestionParserTest" time="0.001"/>
  <testcase name="canParseQuestionTypeOne()" classname="com.tavisca.workshops.QuestionParserTest" time="0.003"/>
  <testcase name="canParseQuestionTypeTwo()" classname="com.tavisca.workshops.QuestionParserTest" time="0.002"/>
  <system-out><![CDATA[]]></system-out>
  <system-err><![CDATA[]]></system-err>
</testsuite>
