<?xml version="1.0" encoding="UTF-8"?>
<testsuite name="com.tavisca.workshops.WordParserTest" tests="1" skipped="0" failures="0" errors="0" timestamp="2019-08-13T16:36:55" hostname="RENTLAPT0018" time="0.002">
  <properties/>
  <testcase name="canParseWordsToRomanNumerals()" classname="com.tavisca.workshops.WordParserTest" time="0.002"/>
  <system-out><![CDATA[]]></system-out>
  <system-err><![CDATA[]]></system-err>
</testsuite>
