<?xml version="1.0" encoding="UTF-8"?>
<testsuite name="com.tavisca.workshops.CreditParserTest" tests="1" skipped="0" failures="0" errors="0" timestamp="2019-07-25T08:10:20" hostname="RENTLAPT0018" time="0.033">
  <properties/>
  <testcase name="canReturnThePriceFromRefinedString()" classname="com.tavisca.workshops.CreditParserTest" time="0.033"/>
  <system-out><![CDATA[]]></system-out>
  <system-err><![CDATA[]]></system-err>
</testsuite>
