<?xml version="1.0" encoding="UTF-8"?>
<testsuite name="com.tavisca.workshops.CreditParserTest" tests="5" skipped="0" failures="0" errors="0" timestamp="2019-08-13T16:36:54" hostname="RENTLAPT0018" time="0.07">
  <properties/>
  <testcase name="canMatchCreditPattern()" classname="com.tavisca.workshops.CreditParserTest" time="0.046"/>
  <testcase name="canReplaceUnWantedWords()" classname="com.tavisca.workshops.CreditParserTest" time="0.009"/>
  <testcase name="canReturnInterGalaticWordsFromRefinedString()" classname="com.tavisca.workshops.CreditParserTest" time="0.004"/>
  <testcase name="canParseCreditStatements()" classname="com.tavisca.workshops.CreditParserTest" time="0.003"/>
  <testcase name="canReturnThePriceFromRefinedString()" classname="com.tavisca.workshops.CreditParserTest" time="0.001"/>
  <system-out><![CDATA[]]></system-out>
  <system-err><![CDATA[]]></system-err>
</testsuite>
